Determining if the pthread_create exist failed with the following output:
Change Dir: /tmp/Betriebssysteme_und_Verteilte_Systeme_Projekte/cmake-build-dockerberk/CMakeFiles/CMakeTmp

Run Build Command:"/usr/bin/make" "cmTC_ad206/fast"
/usr/bin/make -f CMakeFiles/cmTC_ad206.dir/build.make CMakeFiles/cmTC_ad206.dir/build
make[1]: Entering directory '/tmp/Betriebssysteme_und_Verteilte_Systeme_Projekte/cmake-build-dockerberk/CMakeFiles/CMakeTmp'
Building C object CMakeFiles/cmTC_ad206.dir/CheckSymbolExists.c.o
/usr/bin/cc   -std=gnu99 -o CMakeFiles/cmTC_ad206.dir/CheckSymbolExists.c.o   -c /tmp/Betriebssysteme_und_Verteilte_Systeme_Projekte/cmake-build-dockerberk/CMakeFiles/CMakeTmp/CheckSymbolExists.c
Linking C executable cmTC_ad206
/usr/bin/cmake -E cmake_link_script CMakeFiles/cmTC_ad206.dir/link.txt --verbose=1
/usr/bin/cc      CMakeFiles/cmTC_ad206.dir/CheckSymbolExists.c.o  -o cmTC_ad206 
CMakeFiles/cmTC_ad206.dir/CheckSymbolExists.c.o: In function `main':
CheckSymbolExists.c:(.text+0x1b): undefined reference to `pthread_create'
collect2: error: ld returned 1 exit status
CMakeFiles/cmTC_ad206.dir/build.make:97: recipe for target 'cmTC_ad206' failed
make[1]: *** [cmTC_ad206] Error 1
make[1]: Leaving directory '/tmp/Betriebssysteme_und_Verteilte_Systeme_Projekte/cmake-build-dockerberk/CMakeFiles/CMakeTmp'
Makefile:126: recipe for target 'cmTC_ad206/fast' failed
make: *** [cmTC_ad206/fast] Error 2

File /tmp/Betriebssysteme_und_Verteilte_Systeme_Projekte/cmake-build-dockerberk/CMakeFiles/CMakeTmp/CheckSymbolExists.c:
/* */
#include <pthread.h>

int main(int argc, char** argv)
{
  (void)argv;
#ifndef pthread_create
  return ((int*)(&pthread_create))[argc];
#else
  (void)argc;
  return 0;
#endif
}

Determining if the function pthread_create exists in the pthreads failed with the following output:
Change Dir: /tmp/Betriebssysteme_und_Verteilte_Systeme_Projekte/cmake-build-dockerberk/CMakeFiles/CMakeTmp

Run Build Command:"/usr/bin/make" "cmTC_44e9e/fast"
/usr/bin/make -f CMakeFiles/cmTC_44e9e.dir/build.make CMakeFiles/cmTC_44e9e.dir/build
make[1]: Entering directory '/tmp/Betriebssysteme_und_Verteilte_Systeme_Projekte/cmake-build-dockerberk/CMakeFiles/CMakeTmp'
Building C object CMakeFiles/cmTC_44e9e.dir/CheckFunctionExists.c.o
/usr/bin/cc   -DCHECK_FUNCTION_EXISTS=pthread_create   -std=gnu99 -o CMakeFiles/cmTC_44e9e.dir/CheckFunctionExists.c.o   -c /usr/share/cmake-3.10/Modules/CheckFunctionExists.c
Linking C executable cmTC_44e9e
/usr/bin/cmake -E cmake_link_script CMakeFiles/cmTC_44e9e.dir/link.txt --verbose=1
/usr/bin/cc  -DCHECK_FUNCTION_EXISTS=pthread_create    CMakeFiles/cmTC_44e9e.dir/CheckFunctionExists.c.o  -o cmTC_44e9e -lpthreads 
/usr/bin/ld: cannot find -lpthreads
collect2: error: ld returned 1 exit status
CMakeFiles/cmTC_44e9e.dir/build.make:97: recipe for target 'cmTC_44e9e' failed
make[1]: *** [cmTC_44e9e] Error 1
make[1]: Leaving directory '/tmp/Betriebssysteme_und_Verteilte_Systeme_Projekte/cmake-build-dockerberk/CMakeFiles/CMakeTmp'
Makefile:126: recipe for target 'cmTC_44e9e/fast' failed
make: *** [cmTC_44e9e/fast] Error 2


